0 info it worked if it ends with ok
1 verbose cli [ '/usr/bin/node', '/usr/bin/npm', 'install', 'supervisor', '-g' ]
2 info using npm@1.4.28
3 info using node@v0.10.38
4 verbose node symlink /usr/bin/node
5 verbose cache add [ 'supervisor', null ]
6 verbose cache add name=undefined spec="supervisor" args=["supervisor",null]
7 verbose parsed url { protocol: null,
7 verbose parsed url   slashes: null,
7 verbose parsed url   auth: null,
7 verbose parsed url   host: null,
7 verbose parsed url   port: null,
7 verbose parsed url   hostname: null,
7 verbose parsed url   hash: null,
7 verbose parsed url   search: null,
7 verbose parsed url   query: null,
7 verbose parsed url   pathname: 'supervisor',
7 verbose parsed url   path: 'supervisor',
7 verbose parsed url   href: 'supervisor' }
8 silly lockFile 0f4d09e4-supervisor supervisor
9 verbose lock supervisor /home/tyler/.npm/0f4d09e4-supervisor.lock
10 silly lockFile 0f4d09e4-supervisor supervisor
11 silly lockFile 0f4d09e4-supervisor supervisor
12 verbose addNamed [ 'supervisor', '' ]
13 verbose addNamed [ null, '*' ]
14 silly lockFile b28163ae-supervisor supervisor@
15 verbose lock supervisor@ /home/tyler/.npm/b28163ae-supervisor.lock
16 silly addNameRange { name: 'supervisor', range: '*', hasData: false }
17 verbose request where is /supervisor
18 verbose request registry https://registry.npmjs.org/
19 verbose request id c9a493f54a0a35fc
20 verbose url raw /supervisor
21 verbose url resolving [ 'https://registry.npmjs.org/', './supervisor' ]
22 verbose url resolved https://registry.npmjs.org/supervisor
23 verbose request where is https://registry.npmjs.org/supervisor
24 info trying registry request attempt 1 at 10:56:52
25 verbose etag "F2YM0KCQ1BABRN64VNOECEX1I"
26 http GET https://registry.npmjs.org/supervisor
27 http 304 https://registry.npmjs.org/supervisor
28 silly registry.get cb [ 304,
28 silly registry.get   { date: 'Fri, 04 Sep 2015 14:56:52 GMT',
28 silly registry.get     via: '1.1 varnish',
28 silly registry.get     'cache-control': 'max-age=60',
28 silly registry.get     etag: '"F2YM0KCQ1BABRN64VNOECEX1I"',
28 silly registry.get     age: '0',
28 silly registry.get     connection: 'keep-alive',
28 silly registry.get     'x-served-by': 'cache-iad2132-IAD',
28 silly registry.get     'x-cache': 'HIT',
28 silly registry.get     'x-cache-hits': '1',
28 silly registry.get     'x-timer': 'S1441378612.588552,VS0,VE14',
28 silly registry.get     vary: 'Accept' } ]
29 verbose etag https://registry.npmjs.org/supervisor from cache
30 silly addNameRange number 2 { name: 'supervisor', range: '*', hasData: true }
31 silly addNameRange versions [ 'supervisor',
31 silly addNameRange   [ '0.0.4',
31 silly addNameRange     '0.0.5',
31 silly addNameRange     '0.0.6',
31 silly addNameRange     '0.1.0',
31 silly addNameRange     '0.1.1',
31 silly addNameRange     '0.1.2',
31 silly addNameRange     '0.1.3',
31 silly addNameRange     '0.2.0',
31 silly addNameRange     '0.3.0',
31 silly addNameRange     '0.3.1',
31 silly addNameRange     '0.3.2',
31 silly addNameRange     '0.3.3',
31 silly addNameRange     '0.3.4',
31 silly addNameRange     '0.3.5',
31 silly addNameRange     '0.3.6',
31 silly addNameRange     '0.4.0',
31 silly addNameRange     '0.4.1',
31 silly addNameRange     '0.5.0',
31 silly addNameRange     '0.5.1',
31 silly addNameRange     '0.5.2',
31 silly addNameRange     '0.5.3',
31 silly addNameRange     '0.5.4',
31 silly addNameRange     '0.5.5',
31 silly addNameRange     '0.5.6',
31 silly addNameRange     '0.5.7',
31 silly addNameRange     '0.6.0',
31 silly addNameRange     '0.7.0',
31 silly addNameRange     '0.7.1' ] ]
32 verbose addNamed [ 'supervisor', '0.7.1' ]
33 verbose addNamed [ '0.7.1', '0.7.1' ]
34 silly lockFile ec739c78-supervisor-0-7-1 supervisor@0.7.1
35 verbose lock supervisor@0.7.1 /home/tyler/.npm/ec739c78-supervisor-0-7-1.lock
36 silly lockFile ec739c78-supervisor-0-7-1 supervisor@0.7.1
37 silly lockFile ec739c78-supervisor-0-7-1 supervisor@0.7.1
38 silly lockFile b28163ae-supervisor supervisor@
39 silly lockFile b28163ae-supervisor supervisor@
40 silly resolved [ { name: 'supervisor',
40 silly resolved     version: '0.7.1',
40 silly resolved     description: 'A supervisor program for running nodejs programs',
40 silly resolved     author: { name: 'Isaac Z. Schlueter', email: 'i@izs.me' },
40 silly resolved     contributors:
40 silly resolved      [ [Object],
40 silly resolved        [Object],
40 silly resolved        [Object],
40 silly resolved        [Object],
40 silly resolved        [Object],
40 silly resolved        [Object],
40 silly resolved        [Object],
40 silly resolved        [Object],
40 silly resolved        [Object],
40 silly resolved        [Object],
40 silly resolved        [Object],
40 silly resolved        [Object],
40 silly resolved        [Object],
40 silly resolved        [Object],
40 silly resolved        [Object],
40 silly resolved        [Object],
40 silly resolved        [Object],
40 silly resolved        [Object],
40 silly resolved        [Object],
40 silly resolved        [Object],
40 silly resolved        [Object],
40 silly resolved        [Object],
40 silly resolved        [Object],
40 silly resolved        [Object],
40 silly resolved        [Object],
40 silly resolved        [Object],
40 silly resolved        [Object] ],
40 silly resolved     repository:
40 silly resolved      { type: 'git',
40 silly resolved        url: 'git://github.com/petruisfan/node-supervisor.git' },
40 silly resolved     bugs: { url: 'https://github.com/petruisfan/node-supervisor/issues' },
40 silly resolved     homepage: 'https://github.com/petruisfan/node-supervisor/',
40 silly resolved     main: 'lib/supervisor.js',
40 silly resolved     bin:
40 silly resolved      { 'node-supervisor': 'lib/cli-wrapper.js',
40 silly resolved        supervisor: 'lib/cli-wrapper.js' },
40 silly resolved     engines: { node: '>=0.6.0' },
40 silly resolved     preferGlobal: true,
40 silly resolved     gitHead: '6667bffba2bb359873743204e25bb49e1ce958ea',
40 silly resolved     _id: 'supervisor@0.7.1',
40 silly resolved     scripts: {},
40 silly resolved     _shasum: '602c07acddaad7a1939497160af2872ba367bd26',
40 silly resolved     _from: 'supervisor@',
40 silly resolved     _npmVersion: '2.10.1',
40 silly resolved     _nodeVersion: '0.12.4',
40 silly resolved     _npmUser: { name: 'petruisfan', email: 'petru.isfan@gmail.com' },
40 silly resolved     dist:
40 silly resolved      { shasum: '602c07acddaad7a1939497160af2872ba367bd26',
40 silly resolved        tarball: 'http://registry.npmjs.org/supervisor/-/supervisor-0.7.1.tgz' },
40 silly resolved     maintainers: [ [Object], [Object], [Object] ],
40 silly resolved     directories: {},
40 silly resolved     _resolved: 'https://registry.npmjs.org/supervisor/-/supervisor-0.7.1.tgz',
40 silly resolved     readme: 'ERROR: No README data found!' } ]
41 info install supervisor@0.7.1 into /usr/lib
42 info installOne supervisor@0.7.1
43 verbose lib/node_modules/supervisor unbuild
44 verbose tar unpack /home/tyler/.npm/supervisor/0.7.1/package.tgz
45 silly lockFile ac59d6d3--usr-lib-node-modules-supervisor tar:///usr/lib/node_modules/supervisor
46 verbose lock tar:///usr/lib/node_modules/supervisor /home/tyler/.npm/ac59d6d3--usr-lib-node-modules-supervisor.lock
47 silly lockFile 3195fd0e-npm-supervisor-0-7-1-package-tgz tar:///home/tyler/.npm/supervisor/0.7.1/package.tgz
48 verbose lock tar:///home/tyler/.npm/supervisor/0.7.1/package.tgz /home/tyler/.npm/3195fd0e-npm-supervisor-0-7-1-package-tgz.lock
49 silly gunzTarPerm modes [ '775', '664' ]
50 error Error: EACCES, mkdir '/usr/lib/node_modules/supervisor'
50 error  { [Error: EACCES, mkdir '/usr/lib/node_modules/supervisor']
50 error   errno: 3,
50 error   code: 'EACCES',
50 error   path: '/usr/lib/node_modules/supervisor',
50 error   fstream_type: 'Directory',
50 error   fstream_path: '/usr/lib/node_modules/supervisor',
50 error   fstream_class: 'DirWriter',
50 error   fstream_stack:
50 error    [ '/usr/lib/node_modules/npm/node_modules/fstream/lib/dir-writer.js:36:23',
50 error      '/usr/lib/node_modules/npm/node_modules/mkdirp/index.js:46:53',
50 error      'Object.oncomplete (fs.js:108:15)' ] }
51 error Please try running this command again as root/Administrator.
52 error System Linux 3.2.0-51-generic
53 error command "/usr/bin/node" "/usr/bin/npm" "install" "supervisor" "-g"
54 error cwd /home/tyler/dev/ayende
55 error node -v v0.10.38
56 error npm -v 1.4.28
57 error path /usr/lib/node_modules/supervisor
58 error fstream_path /usr/lib/node_modules/supervisor
59 error fstream_type Directory
60 error fstream_class DirWriter
61 error code EACCES
62 error errno 3
63 error stack Error: EACCES, mkdir '/usr/lib/node_modules/supervisor'
64 error fstream_stack /usr/lib/node_modules/npm/node_modules/fstream/lib/dir-writer.js:36:23
64 error fstream_stack /usr/lib/node_modules/npm/node_modules/mkdirp/index.js:46:53
64 error fstream_stack Object.oncomplete (fs.js:108:15)
65 verbose exit [ 3, true ]
